# JRE version: OpenJDK Runtime Environment (8.0_292-b10) (build 1.8.0_292-b10)
# Java VM: OpenJDK 64-Bit Server VM (25.292-b10 mixed mode linux-amd64 compressed oops)
Heap:
 PSYoungGen      total 336384K, used 10048K [0x00000000d7e00000, 0x00000000f2380000, 0x0000000100000000)
  eden space 265728K, 0% used [0x00000000d7e00000,0x00000000d7e00000,0x00000000e8180000)
  from space 70656K, 14% used [0x00000000e8180000,0x00000000e8b50000,0x00000000ec680000)
  to   space 68608K, 0% used [0x00000000ec680000,0x00000000ec680000,0x00000000f0980000)
 ParOldGen       total 220672K, used 200471K [0x0000000087a00000, 0x0000000095180000, 0x00000000d7e00000)
  object space 220672K, 90% used [0x0000000087a00000,0x0000000093dc5ce0,0x0000000095180000)
 Metaspace       used 42049K, capacity 44276K, committed 44584K, reserved 1087488K
  class space    used 5311K, capacity 5858K, committed 5928K, reserved 1048576K
GC Heap History (10 events):
Event: 14,634 GC heap after
Heap after GC invocations=13 (full 3):
 PSYoungGen      total 214528K, used 20932K [0x00000000d7e00000, 0x00000000e9e80000, 0x0000000100000000)
  eden space 179712K, 0% used [0x00000000d7e00000,0x00000000d7e00000,0x00000000e2d80000)
  from space 34816K, 60% used [0x00000000e5e80000,0x00000000e72f1138,0x00000000e8080000)
  to   space 50176K, 0% used [0x00000000e2d80000,0x00000000e2d80000,0x00000000e5e80000)
 ParOldGen       total 220672K, used 92317K [0x0000000087a00000, 0x0000000095180000, 0x00000000d7e00000)
  object space 220672K, 41% used [0x0000000087a00000,0x000000008d427670,0x0000000095180000)
 Metaspace       used 40526K, capacity 42534K, committed 42664K, reserved 1085440K
  class space    used 5202K, capacity 5717K, committed 5800K, reserved 1048576K
}
Event: 18,446 GC heap before
{Heap before GC invocations=14 (full 3):
 PSYoungGen      total 214528K, used 200644K [0x00000000d7e00000, 0x00000000e9e80000, 0x0000000100000000)
  eden space 179712K, 100% used [0x00000000d7e00000,0x00000000e2d80000,0x00000000e2d80000)
  from space 34816K, 60% used [0x00000000e5e80000,0x00000000e72f1138,0x00000000e8080000)
  to   space 50176K, 0% used [0x00000000e2d80000,0x00000000e2d80000,0x00000000e5e80000)
 ParOldGen       total 220672K, used 92317K [0x0000000087a00000, 0x0000000095180000, 0x00000000d7e00000)
  object space 220672K, 41% used [0x0000000087a00000,0x000000008d427670,0x0000000095180000)
 Metaspace       used 40617K, capacity 42592K, committed 42664K, reserved 1085440K
  class space    used 5214K, capacity 5728K, committed 5800K, reserved 1048576K
Event: 18,628 GC heap after
Heap after GC invocations=14 (full 3):
 PSYoungGen      total 229888K, used 50164K [0x00000000d7e00000, 0x00000000eda80000, 0x0000000100000000)
  eden space 179712K, 0% used [0x00000000d7e00000,0x00000000d7e00000,0x00000000e2d80000)
  from space 50176K, 99% used [0x00000000e2d80000,0x00000000e5e7d270,0x00000000e5e80000)
  to   space 66560K, 0% used [0x00000000e9980000,0x00000000e9980000,0x00000000eda80000)
 ParOldGen       total 220672K, used 113669K [0x0000000087a00000, 0x0000000095180000, 0x00000000d7e00000)
  object space 220672K, 51% used [0x0000000087a00000,0x000000008e901670,0x0000000095180000)
 Metaspace       used 40617K, capacity 42592K, committed 42664K, reserved 1085440K
  class space    used 5214K, capacity 5728K, committed 5800K, reserved 1048576K
}
Event: 23,660 GC heap before
{Heap before GC invocations=15 (full 3):
 PSYoungGen      total 229888K, used 229876K [0x00000000d7e00000, 0x00000000eda80000, 0x0000000100000000)
  eden space 179712K, 100% used [0x00000000d7e00000,0x00000000e2d80000,0x00000000e2d80000)
  from space 50176K, 99% used [0x00000000e2d80000,0x00000000e5e7d270,0x00000000e5e80000)
  to   space 66560K, 0% used [0x00000000e9980000,0x00000000e9980000,0x00000000eda80000)
 ParOldGen       total 220672K, used 113669K [0x0000000087a00000, 0x0000000095180000, 0x00000000d7e00000)
  object space 220672K, 51% used [0x0000000087a00000,0x000000008e901670,0x0000000095180000)
 Metaspace       used 41658K, capacity 43892K, committed 44072K, reserved 1087488K
  class space    used 5307K, capacity 5856K, committed 5928K, reserved 1048576K
Event: 23,825 GC heap after
Heap after GC invocations=15 (full 3):
 PSYoungGen      total 289280K, used 37419K [0x00000000d7e00000, 0x00000000edb80000, 0x0000000100000000)
  eden space 222720K, 0% used [0x00000000d7e00000,0x00000000d7e00000,0x00000000e5780000)
  from space 66560K, 56% used [0x00000000e9980000,0x00000000ebe0ae00,0x00000000eda80000)
  to   space 67584K, 0% used [0x00000000e5780000,0x00000000e5780000,0x00000000e9980000)
 ParOldGen       total 220672K, used 163862K [0x0000000087a00000, 0x0000000095180000, 0x00000000d7e00000)
  object space 220672K, 74% used [0x0000000087a00000,0x0000000091a058d0,0x0000000095180000)
 Metaspace       used 41658K, capacity 43892K, committed 44072K, reserved 1087488K
  class space    used 5307K, capacity 5856K, committed 5928K, reserved 1048576K
}
Event: 33,539 GC heap before
{Heap before GC invocations=16 (full 3):
 PSYoungGen      total 289280K, used 260139K [0x00000000d7e00000, 0x00000000edb80000, 0x0000000100000000)
  eden space 222720K, 100% used [0x00000000d7e00000,0x00000000e5780000,0x00000000e5780000)
  from space 66560K, 56% used [0x00000000e9980000,0x00000000ebe0ae00,0x00000000eda80000)
  to   space 67584K, 0% used [0x00000000e5780000,0x00000000e5780000,0x00000000e9980000)
 ParOldGen       total 220672K, used 163862K [0x0000000087a00000, 0x0000000095180000, 0x00000000d7e00000)
  object space 220672K, 74% used [0x0000000087a00000,0x0000000091a058d0,0x0000000095180000)
 Metaspace       used 41958K, capacity 44180K, committed 44328K, reserved 1087488K
  class space    used 5309K, capacity 5856K, committed 5928K, reserved 1048576K
Event: 33,563 GC heap after
Heap after GC invocations=16 (full 3):
 PSYoungGen      total 290304K, used 39902K [0x00000000d7e00000, 0x00000000f0980000, 0x0000000100000000)
  eden space 222720K, 0% used [0x00000000d7e00000,0x00000000d7e00000,0x00000000e5780000)
  from space 67584K, 59% used [0x00000000e5780000,0x00000000e7e77870,0x00000000e9980000)
  to   space 68608K, 0% used [0x00000000ec680000,0x00000000ec680000,0x00000000f0980000)
 ParOldGen       total 220672K, used 163870K [0x0000000087a00000, 0x0000000095180000, 0x00000000d7e00000)
  object space 220672K, 74% used [0x0000000087a00000,0x0000000091a078d0,0x0000000095180000)
 Metaspace       used 41958K, capacity 44180K, committed 44328K, reserved 1087488K
  class space    used 5309K, capacity 5856K, committed 5928K, reserved 1048576K
}
Event: 39,040 GC heap before
{Heap before GC invocations=17 (full 3):
 PSYoungGen      total 290304K, used 262622K [0x00000000d7e00000, 0x00000000f0980000, 0x0000000100000000)
  eden space 222720K, 100% used [0x00000000d7e00000,0x00000000e5780000,0x00000000e5780000)
  from space 67584K, 59% used [0x00000000e5780000,0x00000000e7e77870,0x00000000e9980000)
  to   space 68608K, 0% used [0x00000000ec680000,0x00000000ec680000,0x00000000f0980000)
 ParOldGen       total 220672K, used 163870K [0x0000000087a00000, 0x0000000095180000, 0x00000000d7e00000)
  object space 220672K, 74% used [0x0000000087a00000,0x0000000091a078d0,0x0000000095180000)
 Metaspace       used 41998K, capacity 44204K, committed 44328K, reserved 1087488K
  class space    used 5310K, capacity 5858K, committed 5928K, reserved 1048576K
Event: 39,934 GC heap after
Heap after GC invocations=17 (full 3):
 PSYoungGen      total 334336K, used 43040K [0x00000000d7e00000, 0x00000000f2380000, 0x0000000100000000)
  eden space 265728K, 0% used [0x00000000d7e00000,0x00000000d7e00000,0x00000000e8180000)
  from space 68608K, 62% used [0x00000000ec680000,0x00000000ef088060,0x00000000f0980000)
  to   space 70656K, 0% used [0x00000000e8180000,0x00000000e8180000,0x00000000ec680000)
 ParOldGen       total 220672K, used 163878K [0x0000000087a00000, 0x0000000095180000, 0x00000000d7e00000)
  object space 220672K, 74% used [0x0000000087a00000,0x0000000091a098d0,0x0000000095180000)
 Metaspace       used 41998K, capacity 44204K, committed 44328K, reserved 1087488K
  class space    used 5310K, capacity 5858K, committed 5928K, reserved 1048576K
}
Event: 47,605 GC heap before
{Heap before GC invocations=18 (full 3):
 PSYoungGen      total 334336K, used 308768K [0x00000000d7e00000, 0x00000000f2380000, 0x0000000100000000)
  eden space 265728K, 100% used [0x00000000d7e00000,0x00000000e8180000,0x00000000e8180000)
  from space 68608K, 62% used [0x00000000ec680000,0x00000000ef088060,0x00000000f0980000)
  to   space 70656K, 0% used [0x00000000e8180000,0x00000000e8180000,0x00000000ec680000)
 ParOldGen       total 220672K, used 163878K [0x0000000087a00000, 0x0000000095180000, 0x00000000d7e00000)
  object space 220672K, 74% used [0x0000000087a00000,0x0000000091a098d0,0x0000000095180000)
 Metaspace       used 42049K, capacity 44276K, committed 44584K, reserved 1087488K
  class space    used 5311K, capacity 5858K, committed 5928K, reserved 1048576K

