# JRE version: OpenJDK Runtime Environment (8.0_292-b10) (build 1.8.0_292-b10)
# Java VM: OpenJDK 64-Bit Server VM (25.292-b10 mixed mode linux-amd64 compressed oops)
Heap:
 PSYoungGen      total 509952K, used 0K [0x00000000d7e00000, 0x00000000ffe00000, 0x0000000100000000)
  eden space 364544K, 0% used [0x00000000d7e00000,0x00000000d7e00000,0x00000000ee200000)
  from space 145408K, 0% used [0x00000000ee200000,0x00000000ee200000,0x00000000f7000000)
  to   space 143872K, 0% used [0x00000000f7180000,0x00000000f7180000,0x00000000ffe00000)
 ParOldGen       total 1125888K, used 1072502K [0x0000000087a00000, 0x00000000cc580000, 0x00000000d7e00000)
  object space 1125888K, 95% used [0x0000000087a00000,0x00000000c915da20,0x00000000cc580000)
 Metaspace       used 42095K, capacity 44298K, committed 44544K, reserved 1087488K
  class space    used 5297K, capacity 5837K, committed 5888K, reserved 1048576K
GC Heap History (10 events):
Event: 165,714 GC heap after
Heap after GC invocations=123 (full 8):
 PSYoungGen      total 494592K, used 41184K [0x00000000d7e00000, 0x00000000ffc00000, 0x0000000100000000)
  eden space 347136K, 0% used [0x00000000d7e00000,0x00000000d7e00000,0x00000000ed100000)
  from space 147456K, 27% used [0x00000000ed100000,0x00000000ef938000,0x00000000f6100000)
  to   space 146432K, 0% used [0x00000000f6d00000,0x00000000f6d00000,0x00000000ffc00000)
 ParOldGen       total 1125888K, used 1033873K [0x0000000087a00000, 0x00000000cc580000, 0x00000000d7e00000)
  object space 1125888K, 91% used [0x0000000087a00000,0x00000000c6ba4518,0x00000000cc580000)
 Metaspace       used 42088K, capacity 44290K, committed 44544K, reserved 1087488K
  class space    used 5297K, capacity 5837K, committed 5888K, reserved 1048576K
}
Event: 166,491 GC heap before
{Heap before GC invocations=124 (full 8):
 PSYoungGen      total 494592K, used 388320K [0x00000000d7e00000, 0x00000000ffc00000, 0x0000000100000000)
  eden space 347136K, 100% used [0x00000000d7e00000,0x00000000ed100000,0x00000000ed100000)
  from space 147456K, 27% used [0x00000000ed100000,0x00000000ef938000,0x00000000f6100000)
  to   space 146432K, 0% used [0x00000000f6d00000,0x00000000f6d00000,0x00000000ffc00000)
 ParOldGen       total 1125888K, used 1033873K [0x0000000087a00000, 0x00000000cc580000, 0x00000000d7e00000)
  object space 1125888K, 91% used [0x0000000087a00000,0x00000000c6ba4518,0x00000000cc580000)
 Metaspace       used 42088K, capacity 44290K, committed 44544K, reserved 1087488K
  class space    used 5297K, capacity 5837K, committed 5888K, reserved 1048576K
Event: 166,549 GC heap after
Heap after GC invocations=124 (full 8):
 PSYoungGen      total 506880K, used 32722K [0x00000000d7e00000, 0x00000000fff00000, 0x0000000100000000)
  eden space 360448K, 0% used [0x00000000d7e00000,0x00000000d7e00000,0x00000000ede00000)
  from space 146432K, 22% used [0x00000000f6d00000,0x00000000f8cf4860,0x00000000ffc00000)
  to   space 146432K, 0% used [0x00000000ede00000,0x00000000ede00000,0x00000000f6d00000)
 ParOldGen       total 1125888K, used 1052881K [0x0000000087a00000, 0x00000000cc580000, 0x00000000d7e00000)
  object space 1125888K, 93% used [0x0000000087a00000,0x00000000c7e34518,0x00000000cc580000)
 Metaspace       used 42088K, capacity 44290K, committed 44544K, reserved 1087488K
  class space    used 5297K, capacity 5837K, committed 5888K, reserved 1048576K
}
Event: 183,841 GC heap before
{Heap before GC invocations=125 (full 8):
 PSYoungGen      total 506880K, used 393170K [0x00000000d7e00000, 0x00000000fff00000, 0x0000000100000000)
  eden space 360448K, 100% used [0x00000000d7e00000,0x00000000ede00000,0x00000000ede00000)
  from space 146432K, 22% used [0x00000000f6d00000,0x00000000f8cf4860,0x00000000ffc00000)
  to   space 146432K, 0% used [0x00000000ede00000,0x00000000ede00000,0x00000000f6d00000)
 ParOldGen       total 1125888K, used 1052881K [0x0000000087a00000, 0x00000000cc580000, 0x00000000d7e00000)
  object space 1125888K, 93% used [0x0000000087a00000,0x00000000c7e34518,0x00000000cc580000)
 Metaspace       used 42088K, capacity 44290K, committed 44544K, reserved 1087488K
  class space    used 5297K, capacity 5837K, committed 5888K, reserved 1048576K
Event: 185,189 GC heap after
Heap after GC invocations=125 (full 8):
 PSYoungGen      total 506880K, used 22400K [0x00000000d7e00000, 0x0000000100000000, 0x0000000100000000)
  eden space 360448K, 0% used [0x00000000d7e00000,0x00000000d7e00000,0x00000000ede00000)
  from space 146432K, 15% used [0x00000000ede00000,0x00000000ef3e0000,0x00000000f6d00000)
  to   space 146432K, 0% used [0x00000000f7100000,0x00000000f7100000,0x0000000100000000)
 ParOldGen       total 1125888K, used 1072889K [0x0000000087a00000, 0x00000000cc580000, 0x00000000d7e00000)
  object space 1125888K, 95% used [0x0000000087a00000,0x00000000c91be518,0x00000000cc580000)
 Metaspace       used 42088K, capacity 44290K, committed 44544K, reserved 1087488K
  class space    used 5297K, capacity 5837K, committed 5888K, reserved 1048576K
}
Event: 186,044 GC heap before
{Heap before GC invocations=126 (full 8):
 PSYoungGen      total 506880K, used 382848K [0x00000000d7e00000, 0x0000000100000000, 0x0000000100000000)
  eden space 360448K, 100% used [0x00000000d7e00000,0x00000000ede00000,0x00000000ede00000)
  from space 146432K, 15% used [0x00000000ede00000,0x00000000ef3e0000,0x00000000f6d00000)
  to   space 146432K, 0% used [0x00000000f7100000,0x00000000f7100000,0x0000000100000000)
 ParOldGen       total 1125888K, used 1072889K [0x0000000087a00000, 0x00000000cc580000, 0x00000000d7e00000)
  object space 1125888K, 95% used [0x0000000087a00000,0x00000000c91be518,0x00000000cc580000)
 Metaspace       used 42095K, capacity 44298K, committed 44544K, reserved 1087488K
  class space    used 5297K, capacity 5837K, committed 5888K, reserved 1048576K
Event: 186,120 GC heap after
Heap after GC invocations=126 (full 8):
 PSYoungGen      total 508928K, used 22144K [0x00000000d7e00000, 0x00000000ffe00000, 0x0000000100000000)
  eden space 364544K, 0% used [0x00000000d7e00000,0x00000000d7e00000,0x00000000ee200000)
  from space 144384K, 15% used [0x00000000f7100000,0x00000000f86a0000,0x00000000ffe00000)
  to   space 145408K, 0% used [0x00000000ee200000,0x00000000ee200000,0x00000000f7000000)
 ParOldGen       total 1125888K, used 1083185K [0x0000000087a00000, 0x00000000cc580000, 0x00000000d7e00000)
  object space 1125888K, 96% used [0x0000000087a00000,0x00000000c9bcc518,0x00000000cc580000)
 Metaspace       used 42095K, capacity 44298K, committed 44544K, reserved 1087488K
  class space    used 5297K, capacity 5837K, committed 5888K, reserved 1048576K
}
Event: 186,651 GC heap before
{Heap before GC invocations=127 (full 8):
 PSYoungGen      total 508928K, used 386688K [0x00000000d7e00000, 0x00000000ffe00000, 0x0000000100000000)
  eden space 364544K, 100% used [0x00000000d7e00000,0x00000000ee200000,0x00000000ee200000)
  from space 144384K, 15% used [0x00000000f7100000,0x00000000f86a0000,0x00000000ffe00000)
  to   space 145408K, 0% used [0x00000000ee200000,0x00000000ee200000,0x00000000f7000000)
 ParOldGen       total 1125888K, used 1083185K [0x0000000087a00000, 0x00000000cc580000, 0x00000000d7e00000)
  object space 1125888K, 96% used [0x0000000087a00000,0x00000000c9bcc518,0x00000000cc580000)
 Metaspace       used 42095K, capacity 44298K, committed 44544K, reserved 1087488K
  class space    used 5297K, capacity 5837K, committed 5888K, reserved 1048576K
Event: 186,716 GC heap after
Heap after GC invocations=127 (full 8):
 PSYoungGen      total 509952K, used 21504K [0x00000000d7e00000, 0x00000000ffe00000, 0x0000000100000000)
  eden space 364544K, 0% used [0x00000000d7e00000,0x00000000d7e00000,0x00000000ee200000)
  from space 145408K, 14% used [0x00000000ee200000,0x00000000ef700000,0x00000000f7000000)
  to   space 143872K, 0% used [0x00000000f7180000,0x00000000f7180000,0x00000000ffe00000)
 ParOldGen       total 1125888K, used 1093993K [0x0000000087a00000, 0x00000000cc580000, 0x00000000d7e00000)
  object space 1125888K, 97% used [0x0000000087a00000,0x00000000ca65a538,0x00000000cc580000)
 Metaspace       used 42095K, capacity 44298K, committed 44544K, reserved 1087488K
  class space    used 5297K, capacity 5837K, committed 5888K, reserved 1048576K
}
Event: 186,716 GC heap before
{Heap before GC invocations=128 (full 9):
 PSYoungGen      total 509952K, used 21504K [0x00000000d7e00000, 0x00000000ffe00000, 0x0000000100000000)
  eden space 364544K, 0% used [0x00000000d7e00000,0x00000000d7e00000,0x00000000ee200000)
  from space 145408K, 14% used [0x00000000ee200000,0x00000000ef700000,0x00000000f7000000)
  to   space 143872K, 0% used [0x00000000f7180000,0x00000000f7180000,0x00000000ffe00000)
 ParOldGen       total 1125888K, used 1093993K [0x0000000087a00000, 0x00000000cc580000, 0x00000000d7e00000)
  object space 1125888K, 97% used [0x0000000087a00000,0x00000000ca65a538,0x00000000cc580000)
 Metaspace       used 42095K, capacity 44298K, committed 44544K, reserved 1087488K
  class space    used 5297K, capacity 5837K, committed 5888K, reserved 1048576K

