# JRE version: OpenJDK Runtime Environment (8.0_292-b10) (build 1.8.0_292-b10)
# Java VM: OpenJDK 64-Bit Server VM (25.292-b10 mixed mode linux-amd64 compressed oops)
Heap:
 PSYoungGen      total 505344K, used 0K [0x00000000d7e00000, 0x00000000ffe80000, 0x0000000100000000)
  eden space 358912K, 0% used [0x00000000d7e00000,0x00000000d7e00000,0x00000000edc80000)
  from space 146432K, 0% used [0x00000000f6f80000,0x00000000f6f80000,0x00000000ffe80000)
  to   space 148480K, 0% used [0x00000000edc80000,0x00000000edc80000,0x00000000f6d80000)
 ParOldGen       total 810496K, used 738536K [0x0000000087a00000, 0x00000000b9180000, 0x00000000d7e00000)
  object space 810496K, 91% used [0x0000000087a00000,0x00000000b4b3a2f8,0x00000000b9180000)
 Metaspace       used 42046K, capacity 44302K, committed 44544K, reserved 1087488K
  class space    used 5303K, capacity 5851K, committed 5888K, reserved 1048576K
GC Heap History (10 events):
Event: 53,957 GC heap after
Heap after GC invocations=54 (full 6):
 PSYoungGen      total 471040K, used 79808K [0x00000000d7e00000, 0x00000000fef00000, 0x0000000100000000)
  eden space 320512K, 0% used [0x00000000d7e00000,0x00000000d7e00000,0x00000000eb700000)
  from space 150528K, 53% used [0x00000000f5c00000,0x00000000fa9f0010,0x00000000fef00000)
  to   space 159744K, 0% used [0x00000000eb700000,0x00000000eb700000,0x00000000f5300000)
 ParOldGen       total 810496K, used 652090K [0x0000000087a00000, 0x00000000b9180000, 0x00000000d7e00000)
  object space 810496K, 80% used [0x0000000087a00000,0x00000000af6ceb40,0x00000000b9180000)
 Metaspace       used 42046K, capacity 44302K, committed 44544K, reserved 1087488K
  class space    used 5303K, capacity 5851K, committed 5888K, reserved 1048576K
}
Event: 54,469 GC heap before
{Heap before GC invocations=55 (full 6):
 PSYoungGen      total 471040K, used 400320K [0x00000000d7e00000, 0x00000000fef00000, 0x0000000100000000)
  eden space 320512K, 100% used [0x00000000d7e00000,0x00000000eb700000,0x00000000eb700000)
  from space 150528K, 53% used [0x00000000f5c00000,0x00000000fa9f0010,0x00000000fef00000)
  to   space 159744K, 0% used [0x00000000eb700000,0x00000000eb700000,0x00000000f5300000)
 ParOldGen       total 810496K, used 652090K [0x0000000087a00000, 0x00000000b9180000, 0x00000000d7e00000)
  object space 810496K, 80% used [0x0000000087a00000,0x00000000af6ceb40,0x00000000b9180000)
 Metaspace       used 42046K, capacity 44302K, committed 44544K, reserved 1087488K
  class space    used 5303K, capacity 5851K, committed 5888K, reserved 1048576K
Event: 54,547 GC heap after
Heap after GC invocations=55 (full 6):
 PSYoungGen      total 480256K, used 63040K [0x00000000d7e00000, 0x00000000ffe00000, 0x0000000100000000)
  eden space 320512K, 0% used [0x00000000d7e00000,0x00000000d7e00000,0x00000000eb700000)
  from space 159744K, 39% used [0x00000000eb700000,0x00000000ef490010,0x00000000f5300000)
  to   space 154112K, 0% used [0x00000000f6780000,0x00000000f6780000,0x00000000ffe00000)
 ParOldGen       total 810496K, used 682570K [0x0000000087a00000, 0x00000000b9180000, 0x00000000d7e00000)
  object space 810496K, 84% used [0x0000000087a00000,0x00000000b1492b40,0x00000000b9180000)
 Metaspace       used 42046K, capacity 44302K, committed 44544K, reserved 1087488K
  class space    used 5303K, capacity 5851K, committed 5888K, reserved 1048576K
}
Event: 54,997 GC heap before
{Heap before GC invocations=56 (full 6):
 PSYoungGen      total 480256K, used 383552K [0x00000000d7e00000, 0x00000000ffe00000, 0x0000000100000000)
  eden space 320512K, 100% used [0x00000000d7e00000,0x00000000eb700000,0x00000000eb700000)
  from space 159744K, 39% used [0x00000000eb700000,0x00000000ef490010,0x00000000f5300000)
  to   space 154112K, 0% used [0x00000000f6780000,0x00000000f6780000,0x00000000ffe00000)
 ParOldGen       total 810496K, used 682570K [0x0000000087a00000, 0x00000000b9180000, 0x00000000d7e00000)
  object space 810496K, 84% used [0x0000000087a00000,0x00000000b1492b40,0x00000000b9180000)
 Metaspace       used 42046K, capacity 44302K, committed 44544K, reserved 1087488K
  class space    used 5303K, capacity 5851K, committed 5888K, reserved 1048576K
Event: 55,048 GC heap after
Heap after GC invocations=56 (full 6):
 PSYoungGen      total 487936K, used 47808K [0x00000000d7e00000, 0x00000000ff480000, 0x0000000100000000)
  eden space 343552K, 0% used [0x00000000d7e00000,0x00000000d7e00000,0x00000000ecd80000)
  from space 144384K, 33% used [0x00000000f6780000,0x00000000f9630000,0x00000000ff480000)
  to   space 151040K, 0% used [0x00000000ecd80000,0x00000000ecd80000,0x00000000f6100000)
 ParOldGen       total 810496K, used 711538K [0x0000000087a00000, 0x00000000b9180000, 0x00000000d7e00000)
  object space 810496K, 87% used [0x0000000087a00000,0x00000000b30dcb50,0x00000000b9180000)
 Metaspace       used 42046K, capacity 44302K, committed 44544K, reserved 1087488K
  class space    used 5303K, capacity 5851K, committed 5888K, reserved 1048576K
}
Event: 55,543 GC heap before
{Heap before GC invocations=57 (full 6):
 PSYoungGen      total 487936K, used 391360K [0x00000000d7e00000, 0x00000000ff480000, 0x0000000100000000)
  eden space 343552K, 100% used [0x00000000d7e00000,0x00000000ecd80000,0x00000000ecd80000)
  from space 144384K, 33% used [0x00000000f6780000,0x00000000f9630000,0x00000000ff480000)
  to   space 151040K, 0% used [0x00000000ecd80000,0x00000000ecd80000,0x00000000f6100000)
 ParOldGen       total 810496K, used 711538K [0x0000000087a00000, 0x00000000b9180000, 0x00000000d7e00000)
  object space 810496K, 87% used [0x0000000087a00000,0x00000000b30dcb50,0x00000000b9180000)
 Metaspace       used 42046K, capacity 44302K, committed 44544K, reserved 1087488K
  class space    used 5303K, capacity 5851K, committed 5888K, reserved 1048576K
Event: 55,608 GC heap after
Heap after GC invocations=57 (full 6):
 PSYoungGen      total 494592K, used 46048K [0x00000000d7e00000, 0x00000000fff80000, 0x0000000100000000)
  eden space 343552K, 0% used [0x00000000d7e00000,0x00000000d7e00000,0x00000000ecd80000)
  from space 151040K, 30% used [0x00000000ecd80000,0x00000000efa78010,0x00000000f6100000)
  to   space 147456K, 0% used [0x00000000f6f80000,0x00000000f6f80000,0x00000000fff80000)
 ParOldGen       total 810496K, used 739818K [0x0000000087a00000, 0x00000000b9180000, 0x00000000d7e00000)
  object space 810496K, 91% used [0x0000000087a00000,0x00000000b4c7ab50,0x00000000b9180000)
 Metaspace       used 42046K, capacity 44302K, committed 44544K, reserved 1087488K
  class space    used 5303K, capacity 5851K, committed 5888K, reserved 1048576K
}
Event: 56,088 GC heap before
{Heap before GC invocations=58 (full 6):
 PSYoungGen      total 494592K, used 389600K [0x00000000d7e00000, 0x00000000fff80000, 0x0000000100000000)
  eden space 343552K, 100% used [0x00000000d7e00000,0x00000000ecd80000,0x00000000ecd80000)
  from space 151040K, 30% used [0x00000000ecd80000,0x00000000efa78010,0x00000000f6100000)
  to   space 147456K, 0% used [0x00000000f6f80000,0x00000000f6f80000,0x00000000fff80000)
 ParOldGen       total 810496K, used 739818K [0x0000000087a00000, 0x00000000b9180000, 0x00000000d7e00000)
  object space 810496K, 91% used [0x0000000087a00000,0x00000000b4c7ab50,0x00000000b9180000)
 Metaspace       used 42046K, capacity 44302K, committed 44544K, reserved 1087488K
  class space    used 5303K, capacity 5851K, committed 5888K, reserved 1048576K
Event: 56,195 GC heap after
Heap after GC invocations=58 (full 6):
 PSYoungGen      total 505344K, used 19488K [0x00000000d7e00000, 0x00000000ffe80000, 0x0000000100000000)
  eden space 358912K, 0% used [0x00000000d7e00000,0x00000000d7e00000,0x00000000edc80000)
  from space 146432K, 13% used [0x00000000f6f80000,0x00000000f8288000,0x00000000ffe80000)
  to   space 148480K, 0% used [0x00000000edc80000,0x00000000edc80000,0x00000000f6d80000)
 ParOldGen       total 810496K, used 782530K [0x0000000087a00000, 0x00000000b9180000, 0x00000000d7e00000)
  object space 810496K, 96% used [0x0000000087a00000,0x00000000b7630b60,0x00000000b9180000)
 Metaspace       used 42046K, capacity 44302K, committed 44544K, reserved 1087488K
  class space    used 5303K, capacity 5851K, committed 5888K, reserved 1048576K
}
Event: 56,313 GC heap before
{Heap before GC invocations=59 (full 7):
 PSYoungGen      total 505344K, used 19488K [0x00000000d7e00000, 0x00000000ffe80000, 0x0000000100000000)
  eden space 358912K, 0% used [0x00000000d7e00000,0x00000000d7e00000,0x00000000edc80000)
  from space 146432K, 13% used [0x00000000f6f80000,0x00000000f8288000,0x00000000ffe80000)
  to   space 148480K, 0% used [0x00000000edc80000,0x00000000edc80000,0x00000000f6d80000)
 ParOldGen       total 810496K, used 782530K [0x0000000087a00000, 0x00000000b9180000, 0x00000000d7e00000)
  object space 810496K, 96% used [0x0000000087a00000,0x00000000b7630b60,0x00000000b9180000)
 Metaspace       used 42046K, capacity 44302K, committed 44544K, reserved 1087488K
  class space    used 5303K, capacity 5851K, committed 5888K, reserved 1048576K

