# JRE version: OpenJDK Runtime Environment (8.0_292-b10) (build 1.8.0_292-b10)
# Java VM: OpenJDK 64-Bit Server VM (25.292-b10 mixed mode linux-amd64 compressed oops)
Heap:
 PSYoungGen      total 485888K, used 4641K [0x00000000d7e00000, 0x0000000100000000, 0x0000000100000000)
  eden space 330240K, 0% used [0x00000000d7e00000,0x00000000d7e00000,0x00000000ec080000)
  from space 155648K, 2% used [0x00000000ec080000,0x00000000ec508458,0x00000000f5880000)
  to   space 151040K, 0% used [0x00000000f6c80000,0x00000000f6c80000,0x0000000100000000)
 ParOldGen       total 789504K, used 789258K [0x0000000087a00000, 0x00000000b7d00000, 0x00000000d7e00000)
  object space 789504K, 99% used [0x0000000087a00000,0x00000000b7cc2928,0x00000000b7d00000)
 Metaspace       used 39105K, capacity 40980K, committed 41128K, reserved 1085440K
  class space    used 4978K, capacity 5498K, committed 5544K, reserved 1048576K
GC Heap History (10 events):
Event: 19,159 GC heap after
Heap after GC invocations=43 (full 6):
 PSYoungGen      total 509952K, used 135136K [0x00000000d7e00000, 0x0000000100000000, 0x0000000100000000)
  eden space 374784K, 0% used [0x00000000d7e00000,0x00000000d7e00000,0x00000000eec00000)
  from space 135168K, 99% used [0x00000000eec00000,0x00000000f6ff8010,0x00000000f7000000)
  to   space 147456K, 0% used [0x00000000f7000000,0x00000000f7000000,0x0000000100000000)
 ParOldGen       total 789504K, used 601122K [0x0000000087a00000, 0x00000000b7d00000, 0x00000000d7e00000)
  object space 789504K, 76% used [0x0000000087a00000,0x00000000ac508a10,0x00000000b7d00000)
 Metaspace       used 39104K, capacity 40980K, committed 41128K, reserved 1085440K
  class space    used 4978K, capacity 5498K, committed 5544K, reserved 1048576K
}
Event: 19,246 GC heap before
{Heap before GC invocations=44 (full 6):
 PSYoungGen      total 509952K, used 509920K [0x00000000d7e00000, 0x0000000100000000, 0x0000000100000000)
  eden space 374784K, 100% used [0x00000000d7e00000,0x00000000eec00000,0x00000000eec00000)
  from space 135168K, 99% used [0x00000000eec00000,0x00000000f6ff8010,0x00000000f7000000)
  to   space 147456K, 0% used [0x00000000f7000000,0x00000000f7000000,0x0000000100000000)
 ParOldGen       total 789504K, used 601122K [0x0000000087a00000, 0x00000000b7d00000, 0x00000000d7e00000)
  object space 789504K, 76% used [0x0000000087a00000,0x00000000ac508a10,0x00000000b7d00000)
 Metaspace       used 39105K, capacity 40980K, committed 41128K, reserved 1085440K
  class space    used 4978K, capacity 5498K, committed 5544K, reserved 1048576K
Event: 19,316 GC heap after
Heap after GC invocations=44 (full 6):
 PSYoungGen      total 473088K, used 114688K [0x00000000d7e00000, 0x0000000100000000, 0x0000000100000000)
  eden space 325632K, 0% used [0x00000000d7e00000,0x00000000d7e00000,0x00000000ebc00000)
  from space 147456K, 77% used [0x00000000f7000000,0x00000000fe000010,0x0000000100000000)
  to   space 165888K, 0% used [0x00000000ebc00000,0x00000000ebc00000,0x00000000f5e00000)
 ParOldGen       total 789504K, used 626538K [0x0000000087a00000, 0x00000000b7d00000, 0x00000000d7e00000)
  object space 789504K, 79% used [0x0000000087a00000,0x00000000adddaa10,0x00000000b7d00000)
 Metaspace       used 39105K, capacity 40980K, committed 41128K, reserved 1085440K
  class space    used 4978K, capacity 5498K, committed 5544K, reserved 1048576K
}
Event: 19,464 GC heap before
{Heap before GC invocations=45 (full 6):
 PSYoungGen      total 473088K, used 440320K [0x00000000d7e00000, 0x0000000100000000, 0x0000000100000000)
  eden space 325632K, 100% used [0x00000000d7e00000,0x00000000ebc00000,0x00000000ebc00000)
  from space 147456K, 77% used [0x00000000f7000000,0x00000000fe000010,0x0000000100000000)
  to   space 165888K, 0% used [0x00000000ebc00000,0x00000000ebc00000,0x00000000f5e00000)
 ParOldGen       total 789504K, used 626538K [0x0000000087a00000, 0x00000000b7d00000, 0x00000000d7e00000)
  object space 789504K, 79% used [0x0000000087a00000,0x00000000adddaa10,0x00000000b7d00000)
 Metaspace       used 39105K, capacity 40980K, committed 41128K, reserved 1085440K
  class space    used 4978K, capacity 5498K, committed 5544K, reserved 1048576K
Event: 19,545 GC heap after
Heap after GC invocations=45 (full 6):
 PSYoungGen      total 491520K, used 89632K [0x00000000d7e00000, 0x0000000100000000, 0x0000000100000000)
  eden space 325632K, 0% used [0x00000000d7e00000,0x00000000d7e00000,0x00000000ebc00000)
  from space 165888K, 54% used [0x00000000ebc00000,0x00000000f1388010,0x00000000f5e00000)
  to   space 161280K, 0% used [0x00000000f6280000,0x00000000f6280000,0x0000000100000000)
 ParOldGen       total 789504K, used 678226K [0x0000000087a00000, 0x00000000b7d00000, 0x00000000d7e00000)
  object space 789504K, 85% used [0x0000000087a00000,0x00000000b1054a10,0x00000000b7d00000)
 Metaspace       used 39105K, capacity 40980K, committed 41128K, reserved 1085440K
  class space    used 4978K, capacity 5498K, committed 5544K, reserved 1048576K
}
Event: 19,622 GC heap before
{Heap before GC invocations=46 (full 6):
 PSYoungGen      total 491520K, used 415264K [0x00000000d7e00000, 0x0000000100000000, 0x0000000100000000)
  eden space 325632K, 100% used [0x00000000d7e00000,0x00000000ebc00000,0x00000000ebc00000)
  from space 165888K, 54% used [0x00000000ebc00000,0x00000000f1388010,0x00000000f5e00000)
  to   space 161280K, 0% used [0x00000000f6280000,0x00000000f6280000,0x0000000100000000)
 ParOldGen       total 789504K, used 678226K [0x0000000087a00000, 0x00000000b7d00000, 0x00000000d7e00000)
  object space 789504K, 85% used [0x0000000087a00000,0x00000000b1054a10,0x00000000b7d00000)
 Metaspace       used 39105K, capacity 40980K, committed 41128K, reserved 1085440K
  class space    used 4978K, capacity 5498K, committed 5544K, reserved 1048576K
Event: 19,684 GC heap after
Heap after GC invocations=46 (full 6):
 PSYoungGen      total 475648K, used 63392K [0x00000000d7e00000, 0x00000000ff080000, 0x0000000100000000)
  eden space 330240K, 0% used [0x00000000d7e00000,0x00000000d7e00000,0x00000000ec080000)
  from space 145408K, 43% used [0x00000000f6280000,0x00000000fa068000,0x00000000ff080000)
  to   space 155648K, 0% used [0x00000000ec080000,0x00000000ec080000,0x00000000f5880000)
 ParOldGen       total 789504K, used 712938K [0x0000000087a00000, 0x00000000b7d00000, 0x00000000d7e00000)
  object space 789504K, 90% used [0x0000000087a00000,0x00000000b323aa30,0x00000000b7d00000)
 Metaspace       used 39105K, capacity 40980K, committed 41128K, reserved 1085440K
  class space    used 4978K, capacity 5498K, committed 5544K, reserved 1048576K
}
Event: 19,877 GC heap before
{Heap before GC invocations=47 (full 6):
 PSYoungGen      total 475648K, used 393632K [0x00000000d7e00000, 0x00000000ff080000, 0x0000000100000000)
  eden space 330240K, 100% used [0x00000000d7e00000,0x00000000ec080000,0x00000000ec080000)
  from space 145408K, 43% used [0x00000000f6280000,0x00000000fa068000,0x00000000ff080000)
  to   space 155648K, 0% used [0x00000000ec080000,0x00000000ec080000,0x00000000f5880000)
 ParOldGen       total 789504K, used 712938K [0x0000000087a00000, 0x00000000b7d00000, 0x00000000d7e00000)
  object space 789504K, 90% used [0x0000000087a00000,0x00000000b323aa30,0x00000000b7d00000)
 Metaspace       used 39105K, capacity 40980K, committed 41128K, reserved 1085440K
  class space    used 4978K, capacity 5498K, committed 5544K, reserved 1048576K
Event: 19,927 GC heap after
Heap after GC invocations=47 (full 6):
 PSYoungGen      total 485888K, used 57984K [0x00000000d7e00000, 0x0000000100000000, 0x0000000100000000)
  eden space 330240K, 0% used [0x00000000d7e00000,0x00000000d7e00000,0x00000000ec080000)
  from space 155648K, 37% used [0x00000000ec080000,0x00000000ef920000,0x00000000f5880000)
  to   space 151040K, 0% used [0x00000000f6c80000,0x00000000f6c80000,0x0000000100000000)
 ParOldGen       total 789504K, used 745674K [0x0000000087a00000, 0x00000000b7d00000, 0x00000000d7e00000)
  object space 789504K, 94% used [0x0000000087a00000,0x00000000b5232a30,0x00000000b7d00000)
 Metaspace       used 39105K, capacity 40980K, committed 41128K, reserved 1085440K
  class space    used 4978K, capacity 5498K, committed 5544K, reserved 1048576K
}
Event: 19,927 GC heap before
{Heap before GC invocations=48 (full 7):
 PSYoungGen      total 485888K, used 57984K [0x00000000d7e00000, 0x0000000100000000, 0x0000000100000000)
  eden space 330240K, 0% used [0x00000000d7e00000,0x00000000d7e00000,0x00000000ec080000)
  from space 155648K, 37% used [0x00000000ec080000,0x00000000ef920000,0x00000000f5880000)
  to   space 151040K, 0% used [0x00000000f6c80000,0x00000000f6c80000,0x0000000100000000)
 ParOldGen       total 789504K, used 745674K [0x0000000087a00000, 0x00000000b7d00000, 0x00000000d7e00000)
  object space 789504K, 94% used [0x0000000087a00000,0x00000000b5232a30,0x00000000b7d00000)
 Metaspace       used 39105K, capacity 40980K, committed 41128K, reserved 1085440K
  class space    used 4978K, capacity 5498K, committed 5544K, reserved 1048576K

