# JRE version: OpenJDK Runtime Environment (8.0_292-b10) (build 1.8.0_292-b10)
# Java VM: OpenJDK 64-Bit Server VM (25.292-b10 mixed mode linux-amd64 compressed oops)
Heap:
 PSYoungGen      total 438272K, used 119671K [0x00000000d7e00000, 0x0000000100000000, 0x0000000100000000)
  eden space 219136K, 0% used [0x00000000d7e00000,0x00000000d7e00000,0x00000000e5400000)
  from space 219136K, 54% used [0x00000000e5400000,0x00000000ec8ddc98,0x00000000f2a00000)
  to   space 219136K, 0% used [0x00000000f2a00000,0x00000000f2a00000,0x0000000100000000)
 ParOldGen       total 774656K, used 774388K [0x0000000087a00000, 0x00000000b6e80000, 0x00000000d7e00000)
  object space 774656K, 99% used [0x0000000087a00000,0x00000000b6e3d1e0,0x00000000b6e80000)
 Metaspace       used 45509K, capacity 48384K, committed 49832K, reserved 1093632K
  class space    used 5683K, capacity 6313K, committed 6568K, reserved 1048576K
GC Heap History (10 events):
Event: 5315,578 GC heap after
Heap after GC invocations=68 (full 7):
 PSYoungGen      total 438272K, used 130920K [0x00000000d7e00000, 0x0000000100000000, 0x0000000100000000)
  eden space 219136K, 0% used [0x00000000d7e00000,0x00000000d7e00000,0x00000000e5400000)
  from space 219136K, 59% used [0x00000000e5400000,0x00000000ed3da340,0x00000000f2a00000)
  to   space 219136K, 0% used [0x00000000f2a00000,0x00000000f2a00000,0x0000000100000000)
 ParOldGen       total 774656K, used 496120K [0x0000000087a00000, 0x00000000b6e80000, 0x00000000d7e00000)
  object space 774656K, 64% used [0x0000000087a00000,0x00000000a5e7e150,0x00000000b6e80000)
 Metaspace       used 45507K, capacity 48384K, committed 49832K, reserved 1093632K
  class space    used 5683K, capacity 6313K, committed 6568K, reserved 1048576K
}
Event: 5317,494 GC heap before
{Heap before GC invocations=69 (full 7):
 PSYoungGen      total 438272K, used 350056K [0x00000000d7e00000, 0x0000000100000000, 0x0000000100000000)
  eden space 219136K, 100% used [0x00000000d7e00000,0x00000000e5400000,0x00000000e5400000)
  from space 219136K, 59% used [0x00000000e5400000,0x00000000ed3da340,0x00000000f2a00000)
  to   space 219136K, 0% used [0x00000000f2a00000,0x00000000f2a00000,0x0000000100000000)
 ParOldGen       total 774656K, used 496120K [0x0000000087a00000, 0x00000000b6e80000, 0x00000000d7e00000)
  object space 774656K, 64% used [0x0000000087a00000,0x00000000a5e7e150,0x00000000b6e80000)
 Metaspace       used 45508K, capacity 48384K, committed 49832K, reserved 1093632K
  class space    used 5683K, capacity 6313K, committed 6568K, reserved 1048576K
Event: 5317,624 GC heap after
Heap after GC invocations=69 (full 7):
 PSYoungGen      total 438272K, used 213787K [0x00000000d7e00000, 0x0000000100000000, 0x0000000100000000)
  eden space 219136K, 0% used [0x00000000d7e00000,0x00000000d7e00000,0x00000000e5400000)
  from space 219136K, 97% used [0x00000000f2a00000,0x00000000ffac6f08,0x0000000100000000)
  to   space 219136K, 0% used [0x00000000e5400000,0x00000000e5400000,0x00000000f2a00000)
 ParOldGen       total 774656K, used 496120K [0x0000000087a00000, 0x00000000b6e80000, 0x00000000d7e00000)
  object space 774656K, 64% used [0x0000000087a00000,0x00000000a5e7e150,0x00000000b6e80000)
 Metaspace       used 45508K, capacity 48384K, committed 49832K, reserved 1093632K
  class space    used 5683K, capacity 6313K, committed 6568K, reserved 1048576K
}
Event: 5318,090 GC heap before
{Heap before GC invocations=70 (full 7):
 PSYoungGen      total 438272K, used 432923K [0x00000000d7e00000, 0x0000000100000000, 0x0000000100000000)
  eden space 219136K, 100% used [0x00000000d7e00000,0x00000000e5400000,0x00000000e5400000)
  from space 219136K, 97% used [0x00000000f2a00000,0x00000000ffac6f08,0x0000000100000000)
  to   space 219136K, 0% used [0x00000000e5400000,0x00000000e5400000,0x00000000f2a00000)
 ParOldGen       total 774656K, used 496120K [0x0000000087a00000, 0x00000000b6e80000, 0x00000000d7e00000)
  object space 774656K, 64% used [0x0000000087a00000,0x00000000a5e7e150,0x00000000b6e80000)
 Metaspace       used 45508K, capacity 48384K, committed 49832K, reserved 1093632K
  class space    used 5683K, capacity 6313K, committed 6568K, reserved 1048576K
Event: 5318,258 GC heap after
Heap after GC invocations=70 (full 7):
 PSYoungGen      total 438272K, used 219106K [0x00000000d7e00000, 0x0000000100000000, 0x0000000100000000)
  eden space 219136K, 0% used [0x00000000d7e00000,0x00000000d7e00000,0x00000000e5400000)
  from space 219136K, 99% used [0x00000000e5400000,0x00000000f29f8858,0x00000000f2a00000)
  to   space 219136K, 0% used [0x00000000f2a00000,0x00000000f2a00000,0x0000000100000000)
 ParOldGen       total 774656K, used 548728K [0x0000000087a00000, 0x00000000b6e80000, 0x00000000d7e00000)
  object space 774656K, 70% used [0x0000000087a00000,0x00000000a91de150,0x00000000b6e80000)
 Metaspace       used 45508K, capacity 48384K, committed 49832K, reserved 1093632K
  class space    used 5683K, capacity 6313K, committed 6568K, reserved 1048576K
}
Event: 5320,177 GC heap before
{Heap before GC invocations=71 (full 7):
 PSYoungGen      total 438272K, used 438242K [0x00000000d7e00000, 0x0000000100000000, 0x0000000100000000)
  eden space 219136K, 100% used [0x00000000d7e00000,0x00000000e5400000,0x00000000e5400000)
  from space 219136K, 99% used [0x00000000e5400000,0x00000000f29f8858,0x00000000f2a00000)
  to   space 219136K, 0% used [0x00000000f2a00000,0x00000000f2a00000,0x0000000100000000)
 ParOldGen       total 774656K, used 548728K [0x0000000087a00000, 0x00000000b6e80000, 0x00000000d7e00000)
  object space 774656K, 70% used [0x0000000087a00000,0x00000000a91de150,0x00000000b6e80000)
 Metaspace       used 45509K, capacity 48384K, committed 49832K, reserved 1093632K
  class space    used 5683K, capacity 6313K, committed 6568K, reserved 1048576K
Event: 5320,317 GC heap after
Heap after GC invocations=71 (full 7):
 PSYoungGen      total 438272K, used 219106K [0x00000000d7e00000, 0x0000000100000000, 0x0000000100000000)
  eden space 219136K, 0% used [0x00000000d7e00000,0x00000000d7e00000,0x00000000e5400000)
  from space 219136K, 99% used [0x00000000f2a00000,0x00000000ffff8900,0x0000000100000000)
  to   space 219136K, 0% used [0x00000000e5400000,0x00000000e5400000,0x00000000f2a00000)
 ParOldGen       total 774656K, used 615024K [0x0000000087a00000, 0x00000000b6e80000, 0x00000000d7e00000)
  object space 774656K, 79% used [0x0000000087a00000,0x00000000ad29c150,0x00000000b6e80000)
 Metaspace       used 45509K, capacity 48384K, committed 49832K, reserved 1093632K
  class space    used 5683K, capacity 6313K, committed 6568K, reserved 1048576K
}
Event: 5320,837 GC heap before
{Heap before GC invocations=72 (full 7):
 PSYoungGen      total 438272K, used 438242K [0x00000000d7e00000, 0x0000000100000000, 0x0000000100000000)
  eden space 219136K, 100% used [0x00000000d7e00000,0x00000000e5400000,0x00000000e5400000)
  from space 219136K, 99% used [0x00000000f2a00000,0x00000000ffff8900,0x0000000100000000)
  to   space 219136K, 0% used [0x00000000e5400000,0x00000000e5400000,0x00000000f2a00000)
 ParOldGen       total 774656K, used 615024K [0x0000000087a00000, 0x00000000b6e80000, 0x00000000d7e00000)
  object space 774656K, 79% used [0x0000000087a00000,0x00000000ad29c150,0x00000000b6e80000)
 Metaspace       used 45509K, capacity 48384K, committed 49832K, reserved 1093632K
  class space    used 5683K, capacity 6313K, committed 6568K, reserved 1048576K
Event: 5321,034 GC heap after
Heap after GC invocations=72 (full 7):
 PSYoungGen      total 438272K, used 219108K [0x00000000d7e00000, 0x0000000100000000, 0x0000000100000000)
  eden space 219136K, 0% used [0x00000000d7e00000,0x00000000d7e00000,0x00000000e5400000)
  from space 219136K, 99% used [0x00000000e5400000,0x00000000f29f92c0,0x00000000f2a00000)
  to   space 219136K, 0% used [0x00000000f2a00000,0x00000000f2a00000,0x0000000100000000)
 ParOldGen       total 774656K, used 683424K [0x0000000087a00000, 0x00000000b6e80000, 0x00000000d7e00000)
  object space 774656K, 88% used [0x0000000087a00000,0x00000000b1568150,0x00000000b6e80000)
 Metaspace       used 45509K, capacity 48384K, committed 49832K, reserved 1093632K
  class space    used 5683K, capacity 6313K, committed 6568K, reserved 1048576K
}
Event: 5321,034 GC heap before
{Heap before GC invocations=73 (full 8):
 PSYoungGen      total 438272K, used 219108K [0x00000000d7e00000, 0x0000000100000000, 0x0000000100000000)
  eden space 219136K, 0% used [0x00000000d7e00000,0x00000000d7e00000,0x00000000e5400000)
  from space 219136K, 99% used [0x00000000e5400000,0x00000000f29f92c0,0x00000000f2a00000)
  to   space 219136K, 0% used [0x00000000f2a00000,0x00000000f2a00000,0x0000000100000000)
 ParOldGen       total 774656K, used 683424K [0x0000000087a00000, 0x00000000b6e80000, 0x00000000d7e00000)
  object space 774656K, 88% used [0x0000000087a00000,0x00000000b1568150,0x00000000b6e80000)
 Metaspace       used 45509K, capacity 48384K, committed 49832K, reserved 1093632K
  class space    used 5683K, capacity 6313K, committed 6568K, reserved 1048576K

