# JRE version: OpenJDK Runtime Environment (8.0_292-b10) (build 1.8.0_292-b10)
# Java VM: OpenJDK 64-Bit Server VM (25.292-b10 mixed mode linux-amd64 compressed oops)
Heap:
 PSYoungGen      total 438272K, used 86200K [0x00000000d7e00000, 0x0000000100000000, 0x0000000100000000)
  eden space 219136K, 0% used [0x00000000d7e00000,0x00000000d7e00000,0x00000000e5400000)
  from space 219136K, 39% used [0x00000000e5400000,0x00000000ea82e1c8,0x00000000f2a00000)
  to   space 219136K, 0% used [0x00000000f2a00000,0x00000000f2a00000,0x0000000100000000)
 ParOldGen       total 259584K, used 259388K [0x0000000087a00000, 0x0000000097780000, 0x00000000d7e00000)
  object space 259584K, 99% used [0x0000000087a00000,0x000000009774f210,0x0000000097780000)
 Metaspace       used 41377K, capacity 43414K, committed 43688K, reserved 1087488K
  class space    used 5250K, capacity 5743K, committed 5800K, reserved 1048576K
GC Heap History (10 events):
Event: 86,649 GC heap after
Heap after GC invocations=28 (full 3):
 PSYoungGen      total 435712K, used 169056K [0x00000000d7e00000, 0x0000000100000000, 0x0000000100000000)
  eden space 266240K, 0% used [0x00000000d7e00000,0x00000000d7e00000,0x00000000e8200000)
  from space 169472K, 99% used [0x00000000e8200000,0x00000000f2718030,0x00000000f2780000)
  to   space 217088K, 0% used [0x00000000f2c00000,0x00000000f2c00000,0x0000000100000000)
 ParOldGen       total 259584K, used 135578K [0x0000000087a00000, 0x0000000097780000, 0x00000000d7e00000)
  object space 259584K, 52% used [0x0000000087a00000,0x000000008fe669f0,0x0000000097780000)
 Metaspace       used 41365K, capacity 43414K, committed 43688K, reserved 1087488K
  class space    used 5250K, capacity 5743K, committed 5800K, reserved 1048576K
}
Event: 89,917 GC heap before
{Heap before GC invocations=29 (full 3):
 PSYoungGen      total 435712K, used 435296K [0x00000000d7e00000, 0x0000000100000000, 0x0000000100000000)
  eden space 266240K, 100% used [0x00000000d7e00000,0x00000000e8200000,0x00000000e8200000)
  from space 169472K, 99% used [0x00000000e8200000,0x00000000f2718030,0x00000000f2780000)
  to   space 217088K, 0% used [0x00000000f2c00000,0x00000000f2c00000,0x0000000100000000)
 ParOldGen       total 259584K, used 135578K [0x0000000087a00000, 0x0000000097780000, 0x00000000d7e00000)
  object space 259584K, 52% used [0x0000000087a00000,0x000000008fe669f0,0x0000000097780000)
 Metaspace       used 41365K, capacity 43414K, committed 43688K, reserved 1087488K
  class space    used 5250K, capacity 5743K, committed 5800K, reserved 1048576K
Event: 89,978 GC heap after
Heap after GC invocations=29 (full 3):
 PSYoungGen      total 436224K, used 182208K [0x00000000d7e00000, 0x0000000100000000, 0x0000000100000000)
  eden space 219136K, 0% used [0x00000000d7e00000,0x00000000d7e00000,0x00000000e5400000)
  from space 217088K, 83% used [0x00000000f2c00000,0x00000000fddf0030,0x0000000100000000)
  to   space 219136K, 0% used [0x00000000e5400000,0x00000000e5400000,0x00000000f2a00000)
 ParOldGen       total 259584K, used 135578K [0x0000000087a00000, 0x0000000097780000, 0x00000000d7e00000)
  object space 259584K, 52% used [0x0000000087a00000,0x000000008fe669f0,0x0000000097780000)
 Metaspace       used 41365K, capacity 43414K, committed 43688K, reserved 1087488K
  class space    used 5250K, capacity 5743K, committed 5800K, reserved 1048576K
}
Event: 94,163 GC heap before
{Heap before GC invocations=30 (full 3):
 PSYoungGen      total 436224K, used 401344K [0x00000000d7e00000, 0x0000000100000000, 0x0000000100000000)
  eden space 219136K, 100% used [0x00000000d7e00000,0x00000000e5400000,0x00000000e5400000)
  from space 217088K, 83% used [0x00000000f2c00000,0x00000000fddf0030,0x0000000100000000)
  to   space 219136K, 0% used [0x00000000e5400000,0x00000000e5400000,0x00000000f2a00000)
 ParOldGen       total 259584K, used 135578K [0x0000000087a00000, 0x0000000097780000, 0x00000000d7e00000)
  object space 259584K, 52% used [0x0000000087a00000,0x000000008fe669f0,0x0000000097780000)
 Metaspace       used 41367K, capacity 43414K, committed 43688K, reserved 1087488K
  class space    used 5250K, capacity 5743K, committed 5800K, reserved 1048576K
Event: 94,248 GC heap after
Heap after GC invocations=30 (full 3):
 PSYoungGen      total 438272K, used 170080K [0x00000000d7e00000, 0x0000000100000000, 0x0000000100000000)
  eden space 219136K, 0% used [0x00000000d7e00000,0x00000000d7e00000,0x00000000e5400000)
  from space 219136K, 77% used [0x00000000e5400000,0x00000000efa18030,0x00000000f2a00000)
  to   space 219136K, 0% used [0x00000000f2a00000,0x00000000f2a00000,0x0000000100000000)
 ParOldGen       total 259584K, used 154802K [0x0000000087a00000, 0x0000000097780000, 0x00000000d7e00000)
  object space 259584K, 59% used [0x0000000087a00000,0x000000009112c9f0,0x0000000097780000)
 Metaspace       used 41367K, capacity 43414K, committed 43688K, reserved 1087488K
  class space    used 5250K, capacity 5743K, committed 5800K, reserved 1048576K
}
Event: 97,195 GC heap before
{Heap before GC invocations=31 (full 3):
 PSYoungGen      total 438272K, used 389216K [0x00000000d7e00000, 0x0000000100000000, 0x0000000100000000)
  eden space 219136K, 100% used [0x00000000d7e00000,0x00000000e5400000,0x00000000e5400000)
  from space 219136K, 77% used [0x00000000e5400000,0x00000000efa18030,0x00000000f2a00000)
  to   space 219136K, 0% used [0x00000000f2a00000,0x00000000f2a00000,0x0000000100000000)
 ParOldGen       total 259584K, used 154802K [0x0000000087a00000, 0x0000000097780000, 0x00000000d7e00000)
  object space 259584K, 59% used [0x0000000087a00000,0x000000009112c9f0,0x0000000097780000)
 Metaspace       used 41376K, capacity 43414K, committed 43688K, reserved 1087488K
  class space    used 5250K, capacity 5743K, committed 5800K, reserved 1048576K
Event: 97,304 GC heap after
Heap after GC invocations=31 (full 3):
 PSYoungGen      total 438272K, used 149600K [0x00000000d7e00000, 0x0000000100000000, 0x0000000100000000)
  eden space 219136K, 0% used [0x00000000d7e00000,0x00000000d7e00000,0x00000000e5400000)
  from space 219136K, 68% used [0x00000000f2a00000,0x00000000fbc18030,0x0000000100000000)
  to   space 219136K, 0% used [0x00000000e5400000,0x00000000e5400000,0x00000000f2a00000)
 ParOldGen       total 259584K, used 188282K [0x0000000087a00000, 0x0000000097780000, 0x00000000d7e00000)
  object space 259584K, 72% used [0x0000000087a00000,0x00000000931de9f0,0x0000000097780000)
 Metaspace       used 41376K, capacity 43414K, committed 43688K, reserved 1087488K
  class space    used 5250K, capacity 5743K, committed 5800K, reserved 1048576K
}
Event: 99,987 GC heap before
{Heap before GC invocations=32 (full 3):
 PSYoungGen      total 438272K, used 368736K [0x00000000d7e00000, 0x0000000100000000, 0x0000000100000000)
  eden space 219136K, 100% used [0x00000000d7e00000,0x00000000e5400000,0x00000000e5400000)
  from space 219136K, 68% used [0x00000000f2a00000,0x00000000fbc18030,0x0000000100000000)
  to   space 219136K, 0% used [0x00000000e5400000,0x00000000e5400000,0x00000000f2a00000)
 ParOldGen       total 259584K, used 188282K [0x0000000087a00000, 0x0000000097780000, 0x00000000d7e00000)
  object space 259584K, 72% used [0x0000000087a00000,0x00000000931de9f0,0x0000000097780000)
 Metaspace       used 41377K, capacity 43414K, committed 43688K, reserved 1087488K
  class space    used 5250K, capacity 5743K, committed 5800K, reserved 1048576K
Event: 100,048 GC heap after
Heap after GC invocations=32 (full 3):
 PSYoungGen      total 438272K, used 126432K [0x00000000d7e00000, 0x0000000100000000, 0x0000000100000000)
  eden space 219136K, 0% used [0x00000000d7e00000,0x00000000d7e00000,0x00000000e5400000)
  from space 219136K, 57% used [0x00000000e5400000,0x00000000ecf78040,0x00000000f2a00000)
  to   space 219136K, 0% used [0x00000000f2a00000,0x00000000f2a00000,0x0000000100000000)
 ParOldGen       total 259584K, used 224954K [0x0000000087a00000, 0x0000000097780000, 0x00000000d7e00000)
  object space 259584K, 86% used [0x0000000087a00000,0x00000000955ae9f0,0x0000000097780000)
 Metaspace       used 41377K, capacity 43414K, committed 43688K, reserved 1087488K
  class space    used 5250K, capacity 5743K, committed 5800K, reserved 1048576K
}
Event: 100,048 GC heap before
{Heap before GC invocations=33 (full 4):
 PSYoungGen      total 438272K, used 126432K [0x00000000d7e00000, 0x0000000100000000, 0x0000000100000000)
  eden space 219136K, 0% used [0x00000000d7e00000,0x00000000d7e00000,0x00000000e5400000)
  from space 219136K, 57% used [0x00000000e5400000,0x00000000ecf78040,0x00000000f2a00000)
  to   space 219136K, 0% used [0x00000000f2a00000,0x00000000f2a00000,0x0000000100000000)
 ParOldGen       total 259584K, used 224954K [0x0000000087a00000, 0x0000000097780000, 0x00000000d7e00000)
  object space 259584K, 86% used [0x0000000087a00000,0x00000000955ae9f0,0x0000000097780000)
 Metaspace       used 41377K, capacity 43414K, committed 43688K, reserved 1087488K
  class space    used 5250K, capacity 5743K, committed 5800K, reserved 1048576K

